<?xml version="1.0" encoding="UTF-8"?>
<testsuites name="nextest-run" tests="105" failures="0" errors="0" uuid="1356f868-f432-462c-b99e-f188ebb3f73a" timestamp="2026-05-28T11:41:28.932+00:00" time="2.165">
    <testsuite name="arrgh-server" tests="66" disabled="0" errors="0" failures="0">
        <testcase name="api::discover::tests::normalize_collapses_whitespace" classname="arrgh-server" timestamp="2026-05-28T11:41:28.933+00:00" time="0.006">
        </testcase>
        <testcase name="api::discover::tests::normalize_lowercases" classname="arrgh-server" timestamp="2026-05-28T11:41:28.932+00:00" time="0.007">
        </testcase>
        <testcase name="api::discover::tests::normalize_empty" classname="arrgh-server" timestamp="2026-05-28T11:41:28.932+00:00" time="0.007">
        </testcase>
        <testcase name="api::discover::tests::normalize_strips_punctuation" classname="arrgh-server" timestamp="2026-05-28T11:41:28.933+00:00" time="0.008">
        </testcase>
        <testcase name="api::media::tests::handles_apex_domain" classname="arrgh-server" timestamp="2026-05-28T11:41:28.939+00:00" time="0.006">
        </testcase>
        <testcase name="api::media::tests::extracts_root_domain" classname="arrgh-server" timestamp="2026-05-28T11:41:28.939+00:00" time="0.007">
        </testcase>
        <testcase name="api::media::tests::gif_magic_bytes" classname="arrgh-server" timestamp="2026-05-28T11:41:28.939+00:00" time="0.006">
        </testcase>
        <testcase name="api::media::tests::invalid_url_returns_empty" classname="arrgh-server" timestamp="2026-05-28T11:41:28.941+00:00" time="0.007">
        </testcase>
        <testcase name="api::media::tests::preserves_scheme" classname="arrgh-server" timestamp="2026-05-28T11:41:28.946+00:00" time="0.007">
        </testcase>
        <testcase name="api::media::tests::jpeg_magic_bytes" classname="arrgh-server" timestamp="2026-05-28T11:41:28.946+00:00" time="0.007">
        </testcase>
        <testcase name="api::media::tests::png_magic_bytes" classname="arrgh-server" timestamp="2026-05-28T11:41:28.946+00:00" time="0.007">
        </testcase>
        <testcase name="api::media::tests::too_short_returns_none" classname="arrgh-server" timestamp="2026-05-28T11:41:28.947+00:00" time="0.007">
        </testcase>
        <testcase name="api::media::tests::unknown_bytes_returns_none" classname="arrgh-server" timestamp="2026-05-28T11:41:28.953+00:00" time="0.005">
        </testcase>
        <testcase name="auth::tests::roundtrip_token" classname="arrgh-server" timestamp="2026-05-28T11:41:28.954+00:00" time="0.007">
        </testcase>
        <testcase name="api::media::tests::webp_magic_bytes" classname="arrgh-server" timestamp="2026-05-28T11:41:28.953+00:00" time="0.009">
        </testcase>
        <testcase name="auth::tests::member_role_preserved" classname="arrgh-server" timestamp="2026-05-28T11:41:28.953+00:00" time="0.011">
        </testcase>
        <testcase name="auth::tests::wrong_secret_rejected" classname="arrgh-server" timestamp="2026-05-28T11:41:28.958+00:00" time="0.007">
        </testcase>
        <testcase name="config::tests::defaults_when_env_absent" classname="arrgh-server" timestamp="2026-05-28T11:41:28.962+00:00" time="0.005">
        </testcase>
        <testcase name="config::tests::bind_addr_present_when_set" classname="arrgh-server" timestamp="2026-05-28T11:41:28.962+00:00" time="0.007">
        </testcase>
        <testcase name="config::tests::index_interval_unparseable_falls_back_to_default" classname="arrgh-server" timestamp="2026-05-28T11:41:28.964+00:00" time="0.008">
        </testcase>
        <testcase name="ehentai::tests::build_tags_always_has_hentai" classname="arrgh-server" timestamp="2026-05-28T11:41:28.968+00:00" time="0.007">
        </testcase>
        <testcase name="ehentai::tests::group_originals_when_no_parody" classname="arrgh-server" timestamp="2026-05-28T11:41:28.968+00:00" time="0.008">
        </testcase>
        <testcase name="ehentai::tests::group_parody_merges_galleries" classname="arrgh-server" timestamp="2026-05-28T11:41:28.972+00:00" time="0.008">
        </testcase>
        <testcase name="ehentai::tests::parse_gallery_url_invalid" classname="arrgh-server" timestamp="2026-05-28T11:41:28.975+00:00" time="0.006">
        </testcase>
        <testcase name="ehentai::tests::parse_gallery_url_no_trailing_slash" classname="arrgh-server" timestamp="2026-05-28T11:41:28.976+00:00" time="0.006">
        </testcase>
        <testcase name="ehentai::tests::prettify_tag_hyphenated" classname="arrgh-server" timestamp="2026-05-28T11:41:28.981+00:00" time="0.007">
        </testcase>
        <testcase name="ehentai::tests::parse_gallery_url_valid" classname="arrgh-server" timestamp="2026-05-28T11:41:28.980+00:00" time="0.007">
        </testcase>
        <testcase name="downloader::tests::download_cbz_errors_on_empty_pages" classname="arrgh-server" timestamp="2026-05-28T11:41:28.965+00:00" time="0.070">
        </testcase>
        <testcase name="indexer::external::tests::sync_chapters_is_idempotent" classname="arrgh-server" timestamp="2026-05-28T11:41:28.988+00:00" time="0.169">
        </testcase>
        <testcase name="indexer::external::tests::sync_chapters_returns_err_on_502" classname="arrgh-server" timestamp="2026-05-28T11:41:29.035+00:00" time="0.165">
        </testcase>
        <testcase name="indexer::source::tests::all_unsafe_chars_replaced" classname="arrgh-server" timestamp="2026-05-28T11:41:29.200+00:00" time="0.007">
        </testcase>
        <testcase name="indexer::source::tests::empty_string" classname="arrgh-server" timestamp="2026-05-28T11:41:29.207+00:00" time="0.007">
        </testcase>
        <testcase name="indexer::source::tests::safe_title_unchanged" classname="arrgh-server" timestamp="2026-05-28T11:41:29.215+00:00" time="0.007">
        </testcase>
        <testcase name="indexer::source::tests::trims_whitespace" classname="arrgh-server" timestamp="2026-05-28T11:41:29.222+00:00" time="0.006">
        </testcase>
        <testcase name="indexer::source::tests::unsafe_chars_replaced" classname="arrgh-server" timestamp="2026-05-28T11:41:29.228+00:00" time="0.007">
        </testcase>
        <testcase name="logging::tests::level_from_str_case_insensitive" classname="arrgh-server" timestamp="2026-05-28T11:41:29.235+00:00" time="0.007">
        </testcase>
        <testcase name="indexer::external::tests::sync_chapters_deduplicates_by_number" classname="arrgh-server" timestamp="2026-05-28T11:41:28.983+00:00" time="0.264">
        </testcase>
        <testcase name="indexer::external::tests::sync_chapters_preserves_existing_on_502" classname="arrgh-server" timestamp="2026-05-28T11:41:28.988+00:00" time="0.261">
        </testcase>
        <testcase name="logging::tests::level_from_str_unknown_returns_none" classname="arrgh-server" timestamp="2026-05-28T11:41:29.242+00:00" time="0.008">
        </testcase>
        <testcase name="logging::tests::level_roundtrip" classname="arrgh-server" timestamp="2026-05-28T11:41:29.247+00:00" time="0.009">
        </testcase>
        <testcase name="logging::tests::level_to_str_unknown_defaults_info" classname="arrgh-server" timestamp="2026-05-28T11:41:29.249+00:00" time="0.009">
        </testcase>
        <testcase name="logging::tests::ring_buffer_evicts_oldest_at_capacity" classname="arrgh-server" timestamp="2026-05-28T11:41:29.250+00:00" time="0.009">
        </testcase>
        <testcase name="mangaupdates::tests::map_series_author_prefers_author_type" classname="arrgh-server" timestamp="2026-05-28T11:41:29.256+00:00" time="0.008">
        </testcase>
        <testcase name="mangaupdates::tests::map_series_explicit_genre_normalised" classname="arrgh-server" timestamp="2026-05-28T11:41:29.259+00:00" time="0.008">
        </testcase>
        <testcase name="mangaupdates::tests::map_series_content_type_mapping" classname="arrgh-server" timestamp="2026-05-28T11:41:29.258+00:00" time="0.009">
        </testcase>
        <testcase name="mangaupdates::tests::map_series_strips_html_description" classname="arrgh-server" timestamp="2026-05-28T11:41:29.265+00:00" time="0.008">
        </testcase>
        <testcase name="mangaupdates::tests::map_series_year_as_string" classname="arrgh-server" timestamp="2026-05-28T11:41:29.266+00:00" time="0.007">
        </testcase>
        <testcase name="mangaupdates::tests::releases_response_empty_results" classname="arrgh-server" timestamp="2026-05-28T11:41:29.267+00:00" time="0.007">
        </testcase>
        <testcase name="mangaupdates::tests::releases_response_missing_metadata_field" classname="arrgh-server" timestamp="2026-05-28T11:41:29.272+00:00" time="0.009">
        </testcase>
        <testcase name="mangaupdates::tests::releases_response_null_series" classname="arrgh-server" timestamp="2026-05-28T11:41:29.274+00:00" time="0.007">
        </testcase>
        <testcase name="mangaupdates::tests::releases_response_null_metadata" classname="arrgh-server" timestamp="2026-05-28T11:41:29.274+00:00" time="0.008">
        </testcase>
        <testcase name="mangaupdates::tests::releases_response_null_series_id" classname="arrgh-server" timestamp="2026-05-28T11:41:29.281+00:00" time="0.007">
        </testcase>
        <testcase name="mangaupdates::tests::releases_response_numeric_series_id" classname="arrgh-server" timestamp="2026-05-28T11:41:29.281+00:00" time="0.008">
        </testcase>
        <testcase name="mangaupdates::tests::releases_response_string_series_id" classname="arrgh-server" timestamp="2026-05-28T11:41:29.283+00:00" time="0.009">
        </testcase>
        <testcase name="mangaupdates::tests::series_record_numeric_series_id" classname="arrgh-server" timestamp="2026-05-28T11:41:29.288+00:00" time="0.007">
        </testcase>
        <testcase name="mangaupdates::tests::series_record_string_series_id" classname="arrgh-server" timestamp="2026-05-28T11:41:29.290+00:00" time="0.008">
        </testcase>
        <testcase name="mangaupdates::tests::strip_html_plain_text_unchanged" classname="arrgh-server" timestamp="2026-05-28T11:41:29.292+00:00" time="0.008">
        </testcase>
        <testcase name="mangaupdates::tests::strip_html_removes_tags" classname="arrgh-server" timestamp="2026-05-28T11:41:29.295+00:00" time="0.007">
        </testcase>
        <testcase name="media::tests::is_image_accepts_known_extensions" classname="arrgh-server" timestamp="2026-05-28T11:41:29.299+00:00" time="0.006">
        </testcase>
        <testcase name="mangaupdates::tests::strip_html_trims_whitespace" classname="arrgh-server" timestamp="2026-05-28T11:41:29.297+00:00" time="0.008">
        </testcase>
        <testcase name="media::tests::is_image_rejects_non_image" classname="arrgh-server" timestamp="2026-05-28T11:41:29.302+00:00" time="0.007">
        </testcase>
        <testcase name="media::tests::jpeg_with_icc_segment_stripped" classname="arrgh-server" timestamp="2026-05-28T11:41:29.305+00:00" time="0.008">
        </testcase>
        <testcase name="media::tests::jpeg_without_icc_passes_through" classname="arrgh-server" timestamp="2026-05-28T11:41:29.306+00:00" time="0.007">
        </testcase>
        <testcase name="media::tests::non_jpeg_returned_unchanged" classname="arrgh-server" timestamp="2026-05-28T11:41:29.309+00:00" time="0.006">
        </testcase>
        <testcase name="media::tests::too_short_returned_unchanged" classname="arrgh-server" timestamp="2026-05-28T11:41:29.313+00:00" time="0.007">
        </testcase>
        <testcase name="indexer::external::tests::sync_chapters_updates_source_id_on_conflict" classname="arrgh-server" timestamp="2026-05-28T11:41:29.157+00:00" time="0.239">
        </testcase>
    </testsuite>
    <testsuite name="arrgh-server::integration" tests="39" disabled="0" errors="0" failures="0">
        <testcase name="add_manga_creates_manga_with_mangaupdates_id" classname="arrgh-server::integration" timestamp="2026-05-28T11:41:29.313+00:00" time="0.170">
        </testcase>
        <testcase name="add_manga_sets_explicit_flag_from_adult_tag" classname="arrgh-server::integration" timestamp="2026-05-28T11:41:29.319+00:00" time="0.178">
        </testcase>
        <testcase name="add_manga_subscribes_user_to_manga" classname="arrgh-server::integration" timestamp="2026-05-28T11:41:29.396+00:00" time="0.149">
        </testcase>
        <testcase name="add_manga_deduplicates_on_mangaupdates_id" classname="arrgh-server::integration" timestamp="2026-05-28T11:41:29.315+00:00" time="0.288">
        </testcase>
        <testcase name="admin_can_cancel_any_queue_item" classname="arrgh-server::integration" timestamp="2026-05-28T11:41:29.484+00:00" time="0.154">
        </testcase>
        <testcase name="admin_can_set_log_level" classname="arrgh-server::integration" timestamp="2026-05-28T11:41:29.497+00:00" time="0.156">
        </testcase>
        <testcase name="chapter_has_sources_false_without_chapter_sources" classname="arrgh-server::integration" timestamp="2026-05-28T11:41:29.546+00:00" time="0.139">
        </testcase>
        <testcase name="chapter_has_sources_true_with_chapter_sources" classname="arrgh-server::integration" timestamp="2026-05-28T11:41:29.603+00:00" time="0.162">
        </testcase>
        <testcase name="clear_completed_allowed_for_admin" classname="arrgh-server::integration" timestamp="2026-05-28T11:41:29.638+00:00" time="0.162">
        </testcase>
        <testcase name="clear_completed_forbidden_for_member" classname="arrgh-server::integration" timestamp="2026-05-28T11:41:29.654+00:00" time="0.163">
        </testcase>
        <testcase name="get_logs_returns_empty_array_on_fresh_buffer" classname="arrgh-server::integration" timestamp="2026-05-28T11:41:29.686+00:00" time="0.161">
        </testcase>
        <testcase name="get_settings_returns_ok" classname="arrgh-server::integration" timestamp="2026-05-28T11:41:29.765+00:00" time="0.164">
        </testcase>
        <testcase name="manga_is_local_when_no_source_links" classname="arrgh-server::integration" timestamp="2026-05-28T11:41:29.800+00:00" time="0.165">
        </testcase>
        <testcase name="manga_is_not_local_when_source_links_exist" classname="arrgh-server::integration" timestamp="2026-05-28T11:41:29.817+00:00" time="0.162">
        </testcase>
        <testcase name="media_route_bypasses_auth" classname="arrgh-server::integration" timestamp="2026-05-28T11:41:29.847+00:00" time="0.160">
        </testcase>
        <testcase name="member_can_cancel_own_queue_item" classname="arrgh-server::integration" timestamp="2026-05-28T11:41:29.928+00:00" time="0.164">
        </testcase>
        <testcase name="member_cannot_cancel_another_users_queue_item" classname="arrgh-server::integration" timestamp="2026-05-28T11:41:29.965+00:00" time="0.166">
        </testcase>
        <testcase name="member_cannot_delete_files_on_remove" classname="arrgh-server::integration" timestamp="2026-05-28T11:41:29.979+00:00" time="0.156">
        </testcase>
        <testcase name="no_token_returns_401" classname="arrgh-server::integration" timestamp="2026-05-28T11:41:30.008+00:00" time="0.163">
        </testcase>
        <testcase name="post_settings_invalid_reader_mode_returns_422" classname="arrgh-server::integration" timestamp="2026-05-28T11:41:30.093+00:00" time="0.164">
        </testcase>
        <testcase name="post_settings_persists_and_returns_updated" classname="arrgh-server::integration" timestamp="2026-05-28T11:41:30.131+00:00" time="0.160">
        </testcase>
        <testcase name="queue_download_returns_202_with_chapter_sources" classname="arrgh-server::integration" timestamp="2026-05-28T11:41:30.135+00:00" time="0.164">
        </testcase>
        <testcase name="queue_download_returns_404_without_chapter_sources" classname="arrgh-server::integration" timestamp="2026-05-28T11:41:30.171+00:00" time="0.164">
        </testcase>
        <testcase name="queue_hides_explicit_items_from_member_without_permission" classname="arrgh-server::integration" timestamp="2026-05-28T11:41:30.257+00:00" time="0.162">
        </testcase>
        <testcase name="queue_shows_explicit_items_to_admin" classname="arrgh-server::integration" timestamp="2026-05-28T11:41:30.291+00:00" time="0.166">
        </testcase>
        <testcase name="queue_shows_explicit_items_to_member_with_permission" classname="arrgh-server::integration" timestamp="2026-05-28T11:41:30.299+00:00" time="0.163">
        </testcase>
        <testcase name="serve_cover_redirects_to_cdn_when_cover_url_null" classname="arrgh-server::integration" timestamp="2026-05-28T11:41:30.335+00:00" time="0.160">
        </testcase>
        <testcase name="serve_cover_redirects_to_cdn_when_local_file_missing" classname="arrgh-server::integration" timestamp="2026-05-28T11:41:30.419+00:00" time="0.168">
        </testcase>
        <testcase name="serve_cover_returns_404_when_no_cdn_fallback" classname="arrgh-server::integration" timestamp="2026-05-28T11:41:30.457+00:00" time="0.160">
        </testcase>
        <testcase name="set_log_level_requires_admin" classname="arrgh-server::integration" timestamp="2026-05-28T11:41:30.462+00:00" time="0.169">
        </testcase>
        <testcase name="sync_log_empty_when_no_entries" classname="arrgh-server::integration" timestamp="2026-05-28T11:41:30.496+00:00" time="0.162">
        </testcase>
        <testcase name="sync_log_returns_404_for_unowned_title" classname="arrgh-server::integration" timestamp="2026-05-28T11:41:30.587+00:00" time="0.168">
        </testcase>
        <testcase name="sync_log_returns_entries_in_insertion_order" classname="arrgh-server::integration" timestamp="2026-05-28T11:41:30.617+00:00" time="0.161">
        </testcase>
        <testcase name="sync_manga_returns_202_when_source_links_exist" classname="arrgh-server::integration" timestamp="2026-05-28T11:41:30.632+00:00" time="0.165">
        </testcase>
        <testcase name="sync_manga_returns_404_when_no_source_links" classname="arrgh-server::integration" timestamp="2026-05-28T11:41:30.658+00:00" time="0.163">
        </testcase>
        <testcase name="trending_returns_cached_results_without_hitting_network" classname="arrgh-server::integration" timestamp="2026-05-28T11:41:30.779+00:00" time="0.164">
        </testcase>
        <testcase name="version_returns_current_without_latest_when_check_disabled" classname="arrgh-server::integration" timestamp="2026-05-28T11:41:30.821+00:00" time="0.130">
        </testcase>
        <testcase name="valid_token_lets_request_through" classname="arrgh-server::integration" timestamp="2026-05-28T11:41:30.797+00:00" time="0.156">
        </testcase>
        <testcase name="trending_marks_in_library_when_manga_already_added" classname="arrgh-server::integration" timestamp="2026-05-28T11:41:30.756+00:00" time="0.341">
        </testcase>
    </testsuite>
</testsuites>
