<?xml version="1.0" encoding="UTF-8"?>
<testsuites name="nextest-run" tests="105" failures="0" errors="0" uuid="400f8055-2ff8-4db7-8b6c-294fcbcd0764" timestamp="2026-05-28T10:15:15.990+00:00" time="1.941">
    <testsuite name="arrgh-server" tests="66" disabled="0" errors="0" failures="0">
        <testcase name="api::discover::tests::normalize_lowercases" classname="arrgh-server" timestamp="2026-05-28T10:15:15.990+00:00" time="0.008">
        </testcase>
        <testcase name="api::discover::tests::normalize_empty" classname="arrgh-server" timestamp="2026-05-28T10:15:15.990+00:00" time="0.008">
        </testcase>
        <testcase name="api::discover::tests::normalize_collapses_whitespace" classname="arrgh-server" timestamp="2026-05-28T10:15:15.990+00:00" time="0.007">
        </testcase>
        <testcase name="api::discover::tests::normalize_strips_punctuation" classname="arrgh-server" timestamp="2026-05-28T10:15:15.990+00:00" time="0.008">
        </testcase>
        <testcase name="api::media::tests::gif_magic_bytes" classname="arrgh-server" timestamp="2026-05-28T10:15:15.998+00:00" time="0.007">
        </testcase>
        <testcase name="api::media::tests::extracts_root_domain" classname="arrgh-server" timestamp="2026-05-28T10:15:15.998+00:00" time="0.008">
        </testcase>
        <testcase name="api::media::tests::handles_apex_domain" classname="arrgh-server" timestamp="2026-05-28T10:15:16.000+00:00" time="0.007">
        </testcase>
        <testcase name="api::media::tests::invalid_url_returns_empty" classname="arrgh-server" timestamp="2026-05-28T10:15:15.999+00:00" time="0.009">
        </testcase>
        <testcase name="api::media::tests::png_magic_bytes" classname="arrgh-server" timestamp="2026-05-28T10:15:16.005+00:00" time="0.008">
        </testcase>
        <testcase name="api::media::tests::jpeg_magic_bytes" classname="arrgh-server" timestamp="2026-05-28T10:15:16.005+00:00" time="0.008">
        </testcase>
        <testcase name="api::media::tests::preserves_scheme" classname="arrgh-server" timestamp="2026-05-28T10:15:16.007+00:00" time="0.008">
        </testcase>
        <testcase name="api::media::tests::too_short_returns_none" classname="arrgh-server" timestamp="2026-05-28T10:15:16.008+00:00" time="0.008">
        </testcase>
        <testcase name="api::media::tests::unknown_bytes_returns_none" classname="arrgh-server" timestamp="2026-05-28T10:15:16.013+00:00" time="0.007">
        </testcase>
        <testcase name="api::media::tests::webp_magic_bytes" classname="arrgh-server" timestamp="2026-05-28T10:15:16.014+00:00" time="0.008">
        </testcase>
        <testcase name="auth::tests::roundtrip_token" classname="arrgh-server" timestamp="2026-05-28T10:15:16.016+00:00" time="0.008">
        </testcase>
        <testcase name="auth::tests::member_role_preserved" classname="arrgh-server" timestamp="2026-05-28T10:15:16.015+00:00" time="0.008">
        </testcase>
        <testcase name="auth::tests::wrong_secret_rejected" classname="arrgh-server" timestamp="2026-05-28T10:15:16.021+00:00" time="0.008">
        </testcase>
        <testcase name="config::tests::bind_addr_present_when_set" classname="arrgh-server" timestamp="2026-05-28T10:15:16.021+00:00" time="0.009">
        </testcase>
        <testcase name="config::tests::defaults_when_env_absent" classname="arrgh-server" timestamp="2026-05-28T10:15:16.023+00:00" time="0.008">
        </testcase>
        <testcase name="config::tests::index_interval_unparseable_falls_back_to_default" classname="arrgh-server" timestamp="2026-05-28T10:15:16.024+00:00" time="0.008">
        </testcase>
        <testcase name="ehentai::tests::build_tags_always_has_hentai" classname="arrgh-server" timestamp="2026-05-28T10:15:16.030+00:00" time="0.008">
        </testcase>
        <testcase name="ehentai::tests::group_originals_when_no_parody" classname="arrgh-server" timestamp="2026-05-28T10:15:16.031+00:00" time="0.008">
        </testcase>
        <testcase name="ehentai::tests::group_parody_merges_galleries" classname="arrgh-server" timestamp="2026-05-28T10:15:16.032+00:00" time="0.008">
        </testcase>
        <testcase name="ehentai::tests::parse_gallery_url_no_trailing_slash" classname="arrgh-server" timestamp="2026-05-28T10:15:16.039+00:00" time="0.008">
        </testcase>
        <testcase name="ehentai::tests::parse_gallery_url_invalid" classname="arrgh-server" timestamp="2026-05-28T10:15:16.039+00:00" time="0.009">
        </testcase>
        <testcase name="ehentai::tests::parse_gallery_url_valid" classname="arrgh-server" timestamp="2026-05-28T10:15:16.040+00:00" time="0.008">
        </testcase>
        <testcase name="ehentai::tests::prettify_tag_hyphenated" classname="arrgh-server" timestamp="2026-05-28T10:15:16.047+00:00" time="0.009">
        </testcase>
        <testcase name="downloader::tests::download_cbz_errors_on_empty_pages" classname="arrgh-server" timestamp="2026-05-28T10:15:16.029+00:00" time="0.069">
        </testcase>
        <testcase name="indexer::external::tests::sync_chapters_is_idempotent" classname="arrgh-server" timestamp="2026-05-28T10:15:16.048+00:00" time="0.149">
        </testcase>
        <testcase name="indexer::external::tests::sync_chapters_returns_err_on_502" classname="arrgh-server" timestamp="2026-05-28T10:15:16.098+00:00" time="0.144">
        </testcase>
        <testcase name="indexer::source::tests::all_unsafe_chars_replaced" classname="arrgh-server" timestamp="2026-05-28T10:15:16.243+00:00" time="0.008">
        </testcase>
        <testcase name="indexer::source::tests::empty_string" classname="arrgh-server" timestamp="2026-05-28T10:15:16.251+00:00" time="0.008">
        </testcase>
        <testcase name="indexer::source::tests::safe_title_unchanged" classname="arrgh-server" timestamp="2026-05-28T10:15:16.259+00:00" time="0.008">
        </testcase>
        <testcase name="indexer::source::tests::trims_whitespace" classname="arrgh-server" timestamp="2026-05-28T10:15:16.267+00:00" time="0.008">
        </testcase>
        <testcase name="indexer::external::tests::sync_chapters_deduplicates_by_number" classname="arrgh-server" timestamp="2026-05-28T10:15:16.047+00:00" time="0.232">
        </testcase>
        <testcase name="indexer::external::tests::sync_chapters_preserves_existing_on_502" classname="arrgh-server" timestamp="2026-05-28T10:15:16.056+00:00" time="0.226">
        </testcase>
        <testcase name="indexer::source::tests::unsafe_chars_replaced" classname="arrgh-server" timestamp="2026-05-28T10:15:16.276+00:00" time="0.010">
        </testcase>
        <testcase name="logging::tests::level_from_str_case_insensitive" classname="arrgh-server" timestamp="2026-05-28T10:15:16.280+00:00" time="0.008">
        </testcase>
        <testcase name="logging::tests::level_from_str_unknown_returns_none" classname="arrgh-server" timestamp="2026-05-28T10:15:16.282+00:00" time="0.009">
        </testcase>
        <testcase name="logging::tests::level_roundtrip" classname="arrgh-server" timestamp="2026-05-28T10:15:16.286+00:00" time="0.008">
        </testcase>
        <testcase name="logging::tests::level_to_str_unknown_defaults_info" classname="arrgh-server" timestamp="2026-05-28T10:15:16.288+00:00" time="0.009">
        </testcase>
        <testcase name="logging::tests::ring_buffer_evicts_oldest_at_capacity" classname="arrgh-server" timestamp="2026-05-28T10:15:16.290+00:00" time="0.009">
        </testcase>
        <testcase name="mangaupdates::tests::map_series_author_prefers_author_type" classname="arrgh-server" timestamp="2026-05-28T10:15:16.294+00:00" time="0.009">
        </testcase>
        <testcase name="mangaupdates::tests::map_series_content_type_mapping" classname="arrgh-server" timestamp="2026-05-28T10:15:16.297+00:00" time="0.008">
        </testcase>
        <testcase name="mangaupdates::tests::map_series_explicit_genre_normalised" classname="arrgh-server" timestamp="2026-05-28T10:15:16.299+00:00" time="0.008">
        </testcase>
        <testcase name="mangaupdates::tests::map_series_strips_html_description" classname="arrgh-server" timestamp="2026-05-28T10:15:16.303+00:00" time="0.008">
        </testcase>
        <testcase name="mangaupdates::tests::map_series_year_as_string" classname="arrgh-server" timestamp="2026-05-28T10:15:16.305+00:00" time="0.008">
        </testcase>
        <testcase name="mangaupdates::tests::releases_response_empty_results" classname="arrgh-server" timestamp="2026-05-28T10:15:16.307+00:00" time="0.008">
        </testcase>
        <testcase name="mangaupdates::tests::releases_response_missing_metadata_field" classname="arrgh-server" timestamp="2026-05-28T10:15:16.311+00:00" time="0.009">
        </testcase>
        <testcase name="mangaupdates::tests::releases_response_null_metadata" classname="arrgh-server" timestamp="2026-05-28T10:15:16.313+00:00" time="0.008">
        </testcase>
        <testcase name="mangaupdates::tests::releases_response_null_series" classname="arrgh-server" timestamp="2026-05-28T10:15:16.315+00:00" time="0.008">
        </testcase>
        <testcase name="mangaupdates::tests::releases_response_numeric_series_id" classname="arrgh-server" timestamp="2026-05-28T10:15:16.321+00:00" time="0.007">
        </testcase>
        <testcase name="mangaupdates::tests::releases_response_null_series_id" classname="arrgh-server" timestamp="2026-05-28T10:15:16.320+00:00" time="0.008">
        </testcase>
        <testcase name="mangaupdates::tests::releases_response_string_series_id" classname="arrgh-server" timestamp="2026-05-28T10:15:16.323+00:00" time="0.007">
        </testcase>
        <testcase name="mangaupdates::tests::series_record_string_series_id" classname="arrgh-server" timestamp="2026-05-28T10:15:16.329+00:00" time="0.008">
        </testcase>
        <testcase name="mangaupdates::tests::series_record_numeric_series_id" classname="arrgh-server" timestamp="2026-05-28T10:15:16.329+00:00" time="0.009">
        </testcase>
        <testcase name="mangaupdates::tests::strip_html_plain_text_unchanged" classname="arrgh-server" timestamp="2026-05-28T10:15:16.331+00:00" time="0.008">
        </testcase>
        <testcase name="mangaupdates::tests::strip_html_removes_tags" classname="arrgh-server" timestamp="2026-05-28T10:15:16.337+00:00" time="0.008">
        </testcase>
        <testcase name="mangaupdates::tests::strip_html_trims_whitespace" classname="arrgh-server" timestamp="2026-05-28T10:15:16.337+00:00" time="0.008">
        </testcase>
        <testcase name="media::tests::is_image_accepts_known_extensions" classname="arrgh-server" timestamp="2026-05-28T10:15:16.339+00:00" time="0.007">
        </testcase>
        <testcase name="media::tests::is_image_rejects_non_image" classname="arrgh-server" timestamp="2026-05-28T10:15:16.345+00:00" time="0.009">
        </testcase>
        <testcase name="media::tests::jpeg_with_icc_segment_stripped" classname="arrgh-server" timestamp="2026-05-28T10:15:16.345+00:00" time="0.009">
        </testcase>
        <testcase name="media::tests::jpeg_without_icc_passes_through" classname="arrgh-server" timestamp="2026-05-28T10:15:16.347+00:00" time="0.008">
        </testcase>
        <testcase name="media::tests::non_jpeg_returned_unchanged" classname="arrgh-server" timestamp="2026-05-28T10:15:16.354+00:00" time="0.008">
        </testcase>
        <testcase name="media::tests::too_short_returned_unchanged" classname="arrgh-server" timestamp="2026-05-28T10:15:16.354+00:00" time="0.008">
        </testcase>
        <testcase name="indexer::external::tests::sync_chapters_updates_source_id_on_conflict" classname="arrgh-server" timestamp="2026-05-28T10:15:16.197+00:00" time="0.236">
        </testcase>
    </testsuite>
    <testsuite name="arrgh-server::integration" tests="39" disabled="0" errors="0" failures="0">
        <testcase name="add_manga_sets_explicit_flag_from_adult_tag" classname="arrgh-server::integration" timestamp="2026-05-28T10:15:16.363+00:00" time="0.151">
        </testcase>
        <testcase name="add_manga_creates_manga_with_mangaupdates_id" classname="arrgh-server::integration" timestamp="2026-05-28T10:15:16.354+00:00" time="0.176">
        </testcase>
        <testcase name="add_manga_subscribes_user_to_manga" classname="arrgh-server::integration" timestamp="2026-05-28T10:15:16.433+00:00" time="0.138">
        </testcase>
        <testcase name="admin_can_cancel_any_queue_item" classname="arrgh-server::integration" timestamp="2026-05-28T10:15:16.514+00:00" time="0.120">
        </testcase>
        <testcase name="admin_can_set_log_level" classname="arrgh-server::integration" timestamp="2026-05-28T10:15:16.531+00:00" time="0.149">
        </testcase>
        <testcase name="add_manga_deduplicates_on_mangaupdates_id" classname="arrgh-server::integration" timestamp="2026-05-28T10:15:16.362+00:00" time="0.324">
        </testcase>
        <testcase name="chapter_has_sources_false_without_chapter_sources" classname="arrgh-server::integration" timestamp="2026-05-28T10:15:16.570+00:00" time="0.143">
        </testcase>
        <testcase name="chapter_has_sources_true_with_chapter_sources" classname="arrgh-server::integration" timestamp="2026-05-28T10:15:16.634+00:00" time="0.140">
        </testcase>
        <testcase name="clear_completed_allowed_for_admin" classname="arrgh-server::integration" timestamp="2026-05-28T10:15:16.680+00:00" time="0.151">
        </testcase>
        <testcase name="clear_completed_forbidden_for_member" classname="arrgh-server::integration" timestamp="2026-05-28T10:15:16.686+00:00" time="0.149">
        </testcase>
        <testcase name="get_logs_returns_empty_array_on_fresh_buffer" classname="arrgh-server::integration" timestamp="2026-05-28T10:15:16.713+00:00" time="0.148">
        </testcase>
        <testcase name="get_settings_returns_ok" classname="arrgh-server::integration" timestamp="2026-05-28T10:15:16.774+00:00" time="0.151">
        </testcase>
        <testcase name="manga_is_local_when_no_source_links" classname="arrgh-server::integration" timestamp="2026-05-28T10:15:16.831+00:00" time="0.153">
        </testcase>
        <testcase name="manga_is_not_local_when_source_links_exist" classname="arrgh-server::integration" timestamp="2026-05-28T10:15:16.835+00:00" time="0.151">
        </testcase>
        <testcase name="media_route_bypasses_auth" classname="arrgh-server::integration" timestamp="2026-05-28T10:15:16.862+00:00" time="0.149">
        </testcase>
        <testcase name="member_can_cancel_own_queue_item" classname="arrgh-server::integration" timestamp="2026-05-28T10:15:16.925+00:00" time="0.152">
        </testcase>
        <testcase name="member_cannot_delete_files_on_remove" classname="arrgh-server::integration" timestamp="2026-05-28T10:15:16.986+00:00" time="0.149">
        </testcase>
        <testcase name="member_cannot_cancel_another_users_queue_item" classname="arrgh-server::integration" timestamp="2026-05-28T10:15:16.985+00:00" time="0.151">
        </testcase>
        <testcase name="no_token_returns_401" classname="arrgh-server::integration" timestamp="2026-05-28T10:15:17.012+00:00" time="0.148">
        </testcase>
        <testcase name="post_settings_invalid_reader_mode_returns_422" classname="arrgh-server::integration" timestamp="2026-05-28T10:15:17.076+00:00" time="0.151">
        </testcase>
        <testcase name="post_settings_persists_and_returns_updated" classname="arrgh-server::integration" timestamp="2026-05-28T10:15:17.135+00:00" time="0.150">
        </testcase>
        <testcase name="queue_download_returns_202_with_chapter_sources" classname="arrgh-server::integration" timestamp="2026-05-28T10:15:17.136+00:00" time="0.153">
        </testcase>
        <testcase name="queue_download_returns_404_without_chapter_sources" classname="arrgh-server::integration" timestamp="2026-05-28T10:15:17.160+00:00" time="0.153">
        </testcase>
        <testcase name="queue_hides_explicit_items_from_member_without_permission" classname="arrgh-server::integration" timestamp="2026-05-28T10:15:17.227+00:00" time="0.153">
        </testcase>
        <testcase name="queue_shows_explicit_items_to_admin" classname="arrgh-server::integration" timestamp="2026-05-28T10:15:17.286+00:00" time="0.151">
        </testcase>
        <testcase name="queue_shows_explicit_items_to_member_with_permission" classname="arrgh-server::integration" timestamp="2026-05-28T10:15:17.289+00:00" time="0.153">
        </testcase>
        <testcase name="serve_cover_redirects_to_cdn_when_cover_url_null" classname="arrgh-server::integration" timestamp="2026-05-28T10:15:17.313+00:00" time="0.149">
        </testcase>
        <testcase name="serve_cover_redirects_to_cdn_when_local_file_missing" classname="arrgh-server::integration" timestamp="2026-05-28T10:15:17.380+00:00" time="0.153">
        </testcase>
        <testcase name="serve_cover_returns_404_when_no_cdn_fallback" classname="arrgh-server::integration" timestamp="2026-05-28T10:15:17.437+00:00" time="0.149">
        </testcase>
        <testcase name="set_log_level_requires_admin" classname="arrgh-server::integration" timestamp="2026-05-28T10:15:17.442+00:00" time="0.149">
        </testcase>
        <testcase name="sync_log_empty_when_no_entries" classname="arrgh-server::integration" timestamp="2026-05-28T10:15:17.463+00:00" time="0.149">
        </testcase>
        <testcase name="sync_log_returns_404_for_unowned_title" classname="arrgh-server::integration" timestamp="2026-05-28T10:15:17.533+00:00" time="0.152">
        </testcase>
        <testcase name="sync_manga_returns_202_when_source_links_exist" classname="arrgh-server::integration" timestamp="2026-05-28T10:15:17.591+00:00" time="0.151">
        </testcase>
        <testcase name="sync_log_returns_entries_in_insertion_order" classname="arrgh-server::integration" timestamp="2026-05-28T10:15:17.587+00:00" time="0.157">
        </testcase>
        <testcase name="sync_manga_returns_404_when_no_source_links" classname="arrgh-server::integration" timestamp="2026-05-28T10:15:17.612+00:00" time="0.152">
        </testcase>
        <testcase name="valid_token_lets_request_through" classname="arrgh-server::integration" timestamp="2026-05-28T10:15:17.744+00:00" time="0.127">
        </testcase>
        <testcase name="trending_returns_cached_results_without_hitting_network" classname="arrgh-server::integration" timestamp="2026-05-28T10:15:17.742+00:00" time="0.150">
        </testcase>
        <testcase name="version_returns_current_without_latest_when_check_disabled" classname="arrgh-server::integration" timestamp="2026-05-28T10:15:17.764+00:00" time="0.140">
        </testcase>
        <testcase name="trending_marks_in_library_when_manga_already_added" classname="arrgh-server::integration" timestamp="2026-05-28T10:15:17.686+00:00" time="0.245">
        </testcase>
    </testsuite>
</testsuites>
