<?xml version="1.0" encoding="UTF-8"?>
<testsuites name="nextest-run" tests="105" failures="0" errors="0" uuid="174d2ccc-441d-48a3-8006-5b7dc85262b0" timestamp="2026-05-28T10:00:09.115+00:00" time="1.941">
    <testsuite name="arrgh-server" tests="66" disabled="0" errors="0" failures="0">
        <testcase name="api::discover::tests::normalize_collapses_whitespace" classname="arrgh-server" timestamp="2026-05-28T10:00:09.116+00:00" time="0.008">
        </testcase>
        <testcase name="api::discover::tests::normalize_lowercases" classname="arrgh-server" timestamp="2026-05-28T10:00:09.116+00:00" time="0.008">
        </testcase>
        <testcase name="api::discover::tests::normalize_strips_punctuation" classname="arrgh-server" timestamp="2026-05-28T10:00:09.116+00:00" time="0.008">
        </testcase>
        <testcase name="api::discover::tests::normalize_empty" classname="arrgh-server" timestamp="2026-05-28T10:00:09.116+00:00" time="0.008">
        </testcase>
        <testcase name="api::media::tests::invalid_url_returns_empty" classname="arrgh-server" timestamp="2026-05-28T10:00:09.124+00:00" time="0.007">
        </testcase>
        <testcase name="api::media::tests::gif_magic_bytes" classname="arrgh-server" timestamp="2026-05-28T10:00:09.124+00:00" time="0.007">
        </testcase>
        <testcase name="api::media::tests::extracts_root_domain" classname="arrgh-server" timestamp="2026-05-28T10:00:09.124+00:00" time="0.008">
        </testcase>
        <testcase name="api::media::tests::handles_apex_domain" classname="arrgh-server" timestamp="2026-05-28T10:00:09.124+00:00" time="0.010">
        </testcase>
        <testcase name="api::media::tests::jpeg_magic_bytes" classname="arrgh-server" timestamp="2026-05-28T10:00:09.131+00:00" time="0.007">
        </testcase>
        <testcase name="api::media::tests::png_magic_bytes" classname="arrgh-server" timestamp="2026-05-28T10:00:09.131+00:00" time="0.008">
        </testcase>
        <testcase name="api::media::tests::preserves_scheme" classname="arrgh-server" timestamp="2026-05-28T10:00:09.132+00:00" time="0.008">
        </testcase>
        <testcase name="api::media::tests::too_short_returns_none" classname="arrgh-server" timestamp="2026-05-28T10:00:09.134+00:00" time="0.008">
        </testcase>
        <testcase name="api::media::tests::webp_magic_bytes" classname="arrgh-server" timestamp="2026-05-28T10:00:09.140+00:00" time="0.007">
        </testcase>
        <testcase name="auth::tests::member_role_preserved" classname="arrgh-server" timestamp="2026-05-28T10:00:09.140+00:00" time="0.009">
        </testcase>
        <testcase name="api::media::tests::unknown_bytes_returns_none" classname="arrgh-server" timestamp="2026-05-28T10:00:09.139+00:00" time="0.010">
        </testcase>
        <testcase name="auth::tests::roundtrip_token" classname="arrgh-server" timestamp="2026-05-28T10:00:09.142+00:00" time="0.008">
        </testcase>
        <testcase name="auth::tests::wrong_secret_rejected" classname="arrgh-server" timestamp="2026-05-28T10:00:09.147+00:00" time="0.008">
        </testcase>
        <testcase name="config::tests::defaults_when_env_absent" classname="arrgh-server" timestamp="2026-05-28T10:00:09.149+00:00" time="0.007">
        </testcase>
        <testcase name="config::tests::bind_addr_present_when_set" classname="arrgh-server" timestamp="2026-05-28T10:00:09.149+00:00" time="0.009">
        </testcase>
        <testcase name="config::tests::index_interval_unparseable_falls_back_to_default" classname="arrgh-server" timestamp="2026-05-28T10:00:09.150+00:00" time="0.009">
        </testcase>
        <testcase name="ehentai::tests::build_tags_always_has_hentai" classname="arrgh-server" timestamp="2026-05-28T10:00:09.156+00:00" time="0.008">
        </testcase>
        <testcase name="ehentai::tests::group_parody_merges_galleries" classname="arrgh-server" timestamp="2026-05-28T10:00:09.158+00:00" time="0.008">
        </testcase>
        <testcase name="ehentai::tests::group_originals_when_no_parody" classname="arrgh-server" timestamp="2026-05-28T10:00:09.158+00:00" time="0.009">
        </testcase>
        <testcase name="ehentai::tests::parse_gallery_url_invalid" classname="arrgh-server" timestamp="2026-05-28T10:00:09.164+00:00" time="0.009">
        </testcase>
        <testcase name="ehentai::tests::parse_gallery_url_no_trailing_slash" classname="arrgh-server" timestamp="2026-05-28T10:00:09.166+00:00" time="0.007">
        </testcase>
        <testcase name="ehentai::tests::parse_gallery_url_valid" classname="arrgh-server" timestamp="2026-05-28T10:00:09.168+00:00" time="0.008">
        </testcase>
        <testcase name="ehentai::tests::prettify_tag_hyphenated" classname="arrgh-server" timestamp="2026-05-28T10:00:09.174+00:00" time="0.008">
        </testcase>
        <testcase name="downloader::tests::download_cbz_errors_on_empty_pages" classname="arrgh-server" timestamp="2026-05-28T10:00:09.155+00:00" time="0.072">
        </testcase>
        <testcase name="indexer::external::tests::sync_chapters_is_idempotent" classname="arrgh-server" timestamp="2026-05-28T10:00:09.175+00:00" time="0.152">
        </testcase>
        <testcase name="indexer::external::tests::sync_chapters_returns_err_on_502" classname="arrgh-server" timestamp="2026-05-28T10:00:09.227+00:00" time="0.146">
        </testcase>
        <testcase name="indexer::source::tests::all_unsafe_chars_replaced" classname="arrgh-server" timestamp="2026-05-28T10:00:09.374+00:00" time="0.009">
        </testcase>
        <testcase name="indexer::source::tests::empty_string" classname="arrgh-server" timestamp="2026-05-28T10:00:09.383+00:00" time="0.008">
        </testcase>
        <testcase name="indexer::source::tests::safe_title_unchanged" classname="arrgh-server" timestamp="2026-05-28T10:00:09.391+00:00" time="0.008">
        </testcase>
        <testcase name="indexer::external::tests::sync_chapters_deduplicates_by_number" classname="arrgh-server" timestamp="2026-05-28T10:00:09.174+00:00" time="0.227">
        </testcase>
        <testcase name="indexer::source::tests::trims_whitespace" classname="arrgh-server" timestamp="2026-05-28T10:00:09.399+00:00" time="0.011">
        </testcase>
        <testcase name="indexer::external::tests::sync_chapters_preserves_existing_on_502" classname="arrgh-server" timestamp="2026-05-28T10:00:09.181+00:00" time="0.229">
        </testcase>
        <testcase name="indexer::source::tests::unsafe_chars_replaced" classname="arrgh-server" timestamp="2026-05-28T10:00:09.400+00:00" time="0.012">
        </testcase>
        <testcase name="logging::tests::level_from_str_case_insensitive" classname="arrgh-server" timestamp="2026-05-28T10:00:09.410+00:00" time="0.007">
        </testcase>
        <testcase name="logging::tests::level_from_str_unknown_returns_none" classname="arrgh-server" timestamp="2026-05-28T10:00:09.410+00:00" time="0.009">
        </testcase>
        <testcase name="logging::tests::level_roundtrip" classname="arrgh-server" timestamp="2026-05-28T10:00:09.413+00:00" time="0.008">
        </testcase>
        <testcase name="logging::tests::level_to_str_unknown_defaults_info" classname="arrgh-server" timestamp="2026-05-28T10:00:09.418+00:00" time="0.009">
        </testcase>
        <testcase name="logging::tests::ring_buffer_evicts_oldest_at_capacity" classname="arrgh-server" timestamp="2026-05-28T10:00:09.419+00:00" time="0.010">
        </testcase>
        <testcase name="mangaupdates::tests::map_series_author_prefers_author_type" classname="arrgh-server" timestamp="2026-05-28T10:00:09.420+00:00" time="0.008">
        </testcase>
        <testcase name="mangaupdates::tests::map_series_content_type_mapping" classname="arrgh-server" timestamp="2026-05-28T10:00:09.426+00:00" time="0.009">
        </testcase>
        <testcase name="mangaupdates::tests::map_series_strips_html_description" classname="arrgh-server" timestamp="2026-05-28T10:00:09.429+00:00" time="0.007">
        </testcase>
        <testcase name="mangaupdates::tests::map_series_explicit_genre_normalised" classname="arrgh-server" timestamp="2026-05-28T10:00:09.429+00:00" time="0.010">
        </testcase>
        <testcase name="mangaupdates::tests::map_series_year_as_string" classname="arrgh-server" timestamp="2026-05-28T10:00:09.435+00:00" time="0.008">
        </testcase>
        <testcase name="mangaupdates::tests::releases_response_empty_results" classname="arrgh-server" timestamp="2026-05-28T10:00:09.436+00:00" time="0.009">
        </testcase>
        <testcase name="mangaupdates::tests::releases_response_missing_metadata_field" classname="arrgh-server" timestamp="2026-05-28T10:00:09.438+00:00" time="0.007">
        </testcase>
        <testcase name="mangaupdates::tests::releases_response_null_metadata" classname="arrgh-server" timestamp="2026-05-28T10:00:09.443+00:00" time="0.009">
        </testcase>
        <testcase name="mangaupdates::tests::releases_response_null_series_id" classname="arrgh-server" timestamp="2026-05-28T10:00:09.446+00:00" time="0.007">
        </testcase>
        <testcase name="mangaupdates::tests::releases_response_null_series" classname="arrgh-server" timestamp="2026-05-28T10:00:09.445+00:00" time="0.008">
        </testcase>
        <testcase name="mangaupdates::tests::releases_response_string_series_id" classname="arrgh-server" timestamp="2026-05-28T10:00:09.453+00:00" time="0.007">
        </testcase>
        <testcase name="mangaupdates::tests::series_record_numeric_series_id" classname="arrgh-server" timestamp="2026-05-28T10:00:09.453+00:00" time="0.007">
        </testcase>
        <testcase name="mangaupdates::tests::releases_response_numeric_series_id" classname="arrgh-server" timestamp="2026-05-28T10:00:09.452+00:00" time="0.008">
        </testcase>
        <testcase name="mangaupdates::tests::series_record_string_series_id" classname="arrgh-server" timestamp="2026-05-28T10:00:09.461+00:00" time="0.008">
        </testcase>
        <testcase name="mangaupdates::tests::strip_html_removes_tags" classname="arrgh-server" timestamp="2026-05-28T10:00:09.461+00:00" time="0.008">
        </testcase>
        <testcase name="mangaupdates::tests::strip_html_plain_text_unchanged" classname="arrgh-server" timestamp="2026-05-28T10:00:09.461+00:00" time="0.009">
        </testcase>
        <testcase name="media::tests::is_image_accepts_known_extensions" classname="arrgh-server" timestamp="2026-05-28T10:00:09.469+00:00" time="0.007">
        </testcase>
        <testcase name="mangaupdates::tests::strip_html_trims_whitespace" classname="arrgh-server" timestamp="2026-05-28T10:00:09.468+00:00" time="0.009">
        </testcase>
        <testcase name="media::tests::is_image_rejects_non_image" classname="arrgh-server" timestamp="2026-05-28T10:00:09.470+00:00" time="0.008">
        </testcase>
        <testcase name="media::tests::jpeg_with_icc_segment_stripped" classname="arrgh-server" timestamp="2026-05-28T10:00:09.476+00:00" time="0.008">
        </testcase>
        <testcase name="media::tests::jpeg_without_icc_passes_through" classname="arrgh-server" timestamp="2026-05-28T10:00:09.478+00:00" time="0.008">
        </testcase>
        <testcase name="media::tests::non_jpeg_returned_unchanged" classname="arrgh-server" timestamp="2026-05-28T10:00:09.478+00:00" time="0.008">
        </testcase>
        <testcase name="media::tests::too_short_returned_unchanged" classname="arrgh-server" timestamp="2026-05-28T10:00:09.484+00:00" time="0.007">
        </testcase>
        <testcase name="indexer::external::tests::sync_chapters_updates_source_id_on_conflict" classname="arrgh-server" timestamp="2026-05-28T10:00:09.327+00:00" time="0.247">
        </testcase>
    </testsuite>
    <testsuite name="arrgh-server::integration" tests="39" disabled="0" errors="0" failures="0">
        <testcase name="add_manga_sets_explicit_flag_from_adult_tag" classname="arrgh-server::integration" timestamp="2026-05-28T10:00:09.492+00:00" time="0.153">
        </testcase>
        <testcase name="add_manga_creates_manga_with_mangaupdates_id" classname="arrgh-server::integration" timestamp="2026-05-28T10:00:09.486+00:00" time="0.160">
        </testcase>
        <testcase name="add_manga_subscribes_user_to_manga" classname="arrgh-server::integration" timestamp="2026-05-28T10:00:09.575+00:00" time="0.147">
        </testcase>
        <testcase name="admin_can_cancel_any_queue_item" classname="arrgh-server::integration" timestamp="2026-05-28T10:00:09.645+00:00" time="0.138">
        </testcase>
        <testcase name="admin_can_set_log_level" classname="arrgh-server::integration" timestamp="2026-05-28T10:00:09.646+00:00" time="0.144">
        </testcase>
        <testcase name="add_manga_deduplicates_on_mangaupdates_id" classname="arrgh-server::integration" timestamp="2026-05-28T10:00:09.487+00:00" time="0.330">
        </testcase>
        <testcase name="chapter_has_sources_false_without_chapter_sources" classname="arrgh-server::integration" timestamp="2026-05-28T10:00:09.722+00:00" time="0.127">
        </testcase>
        <testcase name="chapter_has_sources_true_with_chapter_sources" classname="arrgh-server::integration" timestamp="2026-05-28T10:00:09.783+00:00" time="0.145">
        </testcase>
        <testcase name="clear_completed_allowed_for_admin" classname="arrgh-server::integration" timestamp="2026-05-28T10:00:09.790+00:00" time="0.153">
        </testcase>
        <testcase name="clear_completed_forbidden_for_member" classname="arrgh-server::integration" timestamp="2026-05-28T10:00:09.817+00:00" time="0.152">
        </testcase>
        <testcase name="get_logs_returns_empty_array_on_fresh_buffer" classname="arrgh-server::integration" timestamp="2026-05-28T10:00:09.849+00:00" time="0.149">
        </testcase>
        <testcase name="get_settings_returns_ok" classname="arrgh-server::integration" timestamp="2026-05-28T10:00:09.928+00:00" time="0.167">
        </testcase>
        <testcase name="manga_is_local_when_no_source_links" classname="arrgh-server::integration" timestamp="2026-05-28T10:00:09.943+00:00" time="0.153">
        </testcase>
        <testcase name="manga_is_not_local_when_source_links_exist" classname="arrgh-server::integration" timestamp="2026-05-28T10:00:09.970+00:00" time="0.150">
        </testcase>
        <testcase name="media_route_bypasses_auth" classname="arrgh-server::integration" timestamp="2026-05-28T10:00:09.999+00:00" time="0.144">
        </testcase>
        <testcase name="member_can_cancel_own_queue_item" classname="arrgh-server::integration" timestamp="2026-05-28T10:00:10.096+00:00" time="0.154">
        </testcase>
        <testcase name="member_cannot_cancel_another_users_queue_item" classname="arrgh-server::integration" timestamp="2026-05-28T10:00:10.096+00:00" time="0.156">
        </testcase>
        <testcase name="member_cannot_delete_files_on_remove" classname="arrgh-server::integration" timestamp="2026-05-28T10:00:10.120+00:00" time="0.153">
        </testcase>
        <testcase name="no_token_returns_401" classname="arrgh-server::integration" timestamp="2026-05-28T10:00:10.143+00:00" time="0.152">
        </testcase>
        <testcase name="post_settings_invalid_reader_mode_returns_422" classname="arrgh-server::integration" timestamp="2026-05-28T10:00:10.249+00:00" time="0.150">
        </testcase>
        <testcase name="post_settings_persists_and_returns_updated" classname="arrgh-server::integration" timestamp="2026-05-28T10:00:10.252+00:00" time="0.151">
        </testcase>
        <testcase name="queue_download_returns_202_with_chapter_sources" classname="arrgh-server::integration" timestamp="2026-05-28T10:00:10.274+00:00" time="0.150">
        </testcase>
        <testcase name="queue_download_returns_404_without_chapter_sources" classname="arrgh-server::integration" timestamp="2026-05-28T10:00:10.296+00:00" time="0.144">
        </testcase>
        <testcase name="queue_shows_explicit_items_to_admin" classname="arrgh-server::integration" timestamp="2026-05-28T10:00:10.403+00:00" time="0.156">
        </testcase>
        <testcase name="queue_hides_explicit_items_from_member_without_permission" classname="arrgh-server::integration" timestamp="2026-05-28T10:00:10.400+00:00" time="0.159">
        </testcase>
        <testcase name="queue_shows_explicit_items_to_member_with_permission" classname="arrgh-server::integration" timestamp="2026-05-28T10:00:10.424+00:00" time="0.154">
        </testcase>
        <testcase name="serve_cover_redirects_to_cdn_when_cover_url_null" classname="arrgh-server::integration" timestamp="2026-05-28T10:00:10.441+00:00" time="0.147">
        </testcase>
        <testcase name="serve_cover_returns_404_when_no_cdn_fallback" classname="arrgh-server::integration" timestamp="2026-05-28T10:00:10.559+00:00" time="0.149">
        </testcase>
        <testcase name="serve_cover_redirects_to_cdn_when_local_file_missing" classname="arrgh-server::integration" timestamp="2026-05-28T10:00:10.559+00:00" time="0.152">
        </testcase>
        <testcase name="set_log_level_requires_admin" classname="arrgh-server::integration" timestamp="2026-05-28T10:00:10.579+00:00" time="0.150">
        </testcase>
        <testcase name="sync_log_empty_when_no_entries" classname="arrgh-server::integration" timestamp="2026-05-28T10:00:10.588+00:00" time="0.152">
        </testcase>
        <testcase name="sync_log_returns_404_for_unowned_title" classname="arrgh-server::integration" timestamp="2026-05-28T10:00:10.708+00:00" time="0.140">
        </testcase>
        <testcase name="sync_log_returns_entries_in_insertion_order" classname="arrgh-server::integration" timestamp="2026-05-28T10:00:10.711+00:00" time="0.164">
        </testcase>
        <testcase name="sync_manga_returns_404_when_no_source_links" classname="arrgh-server::integration" timestamp="2026-05-28T10:00:10.740+00:00" time="0.152">
        </testcase>
        <testcase name="sync_manga_returns_202_when_source_links_exist" classname="arrgh-server::integration" timestamp="2026-05-28T10:00:10.729+00:00" time="0.169">
        </testcase>
        <testcase name="trending_returns_cached_results_without_hitting_network" classname="arrgh-server::integration" timestamp="2026-05-28T10:00:10.875+00:00" time="0.141">
        </testcase>
        <testcase name="valid_token_lets_request_through" classname="arrgh-server::integration" timestamp="2026-05-28T10:00:10.892+00:00" time="0.147">
        </testcase>
        <testcase name="version_returns_current_without_latest_when_check_disabled" classname="arrgh-server::integration" timestamp="2026-05-28T10:00:10.898+00:00" time="0.144">
        </testcase>
        <testcase name="trending_marks_in_library_when_manga_already_added" classname="arrgh-server::integration" timestamp="2026-05-28T10:00:10.848+00:00" time="0.208">
        </testcase>
    </testsuite>
</testsuites>
